[12:05:36] [ServerMain/INFO]: Environment: authHost='https://authserver.mojang.com', accountsHost='https://api.mojang.com', sessionHost='https://sessionserver.mojang.com', servicesHost='https://api.minecraftservices.com', name='PROD'
[12:05:38] [ServerMain/INFO]: Loaded 7 recipes
[12:05:38] [ServerMain/INFO]: Loaded 1271 advancements
[12:05:39] [Server thread/INFO]: Starting minecraft server version 1.20.1
[12:05:39] [Server thread/INFO]: Loading properties
[12:05:39] [Server thread/INFO]: Default game type: SURVIVAL
[12:05:39] [Server thread/INFO]: Generating keypair
[12:05:39] [Server thread/INFO]: Starting Minecraft server on *:25565
[12:05:39] [Server thread/INFO]: Using epoll channel type
[12:05:39] [Server thread/WARN]: **** SERVER IS RUNNING IN OFFLINE/INSECURE MODE!
[12:05:39] [Server thread/WARN]: The server will make no attempt to authenticate usernames. Beware.
[12:05:39] [Server thread/WARN]: While this makes the game possible to play without internet access, it also opens up the ability for hackers to connect with any username they choose.
[12:05:39] [Server thread/WARN]: To change this, set "online-mode" to "true" in the server.properties file.
[12:05:39] [Server thread/INFO]: Preparing level "world"
[12:05:42] [Server thread/INFO]: Preparing start region for dimension minecraft:overworld
[12:05:44] [Worker-Main-3/INFO]: Preparing spawn area: 0%
[12:05:44] [Worker-Main-1/INFO]: Preparing spawn area: 0%
[12:05:44] [Worker-Main-1/INFO]: Preparing spawn area: 0%
[12:05:44] [Worker-Main-1/INFO]: Preparing spawn area: 0%
[12:05:44] [Worker-Main-2/INFO]: Preparing spawn area: 0%
[12:05:45] [Worker-Main-1/INFO]: Preparing spawn area: 0%
[12:05:45] [Worker-Main-1/INFO]: Preparing spawn area: 0%
[12:05:46] [Worker-Main-1/INFO]: Preparing spawn area: 0%
[12:05:46] [Worker-Main-2/INFO]: Preparing spawn area: 0%
[12:05:47] [Worker-Main-2/INFO]: Preparing spawn area: 0%
[12:05:47] [Worker-Main-1/INFO]: Preparing spawn area: 2%
[12:05:48] [Worker-Main-3/INFO]: Preparing spawn area: 35%
[12:05:48] [Worker-Main-3/INFO]: Preparing spawn area: 83%
[12:05:48] [Server thread/INFO]: Time elapsed: 6178 ms
[12:05:48] [Server thread/INFO]: Done (9.328s)! For help, type "help"
[12:06:04] [Server thread/INFO]: nachochete[/127.82.56.142:55643] logged in with entity id 54 at (322.8815248772452, 95.0, 138.09540103706772)
[12:06:04] [Server thread/INFO]: nachochete joined the game
[12:07:12] [Server thread/INFO]: [Not Secure] [Server] no ha petao no?
[12:07:14] [Server thread/INFO]: [Not Secure] [Server] no
[12:07:16] [Server thread/INFO]: [Not Secure] <nachochete> niet
[12:07:29] [Server thread/INFO]: [Not Secure] [Server] voy a cambiar la contraseña de github alomejor se cierra pero no creo
[12:11:24] [Server thread/INFO]: [Not Secure] [Server] vale no ha petao <3
[12:11:32] [Server thread/INFO]: [Not Secure] [Server] ya tienes la cuenta y la contraseña
[12:11:51] [Server thread/INFO]: [Not Secure] [Server] luego sobre las 19 te hago un tutorial de como inciarlo si estas
